# JRE version: OpenJDK Runtime Environment (8.0_212) (build 1.8.0_212-release-1586-b4-5784211)
# Java VM: OpenJDK 64-Bit Server VM (25.212-b4-5784211 mixed mode linux-amd64 compressed oops)
Heap:
 PSYoungGen      total 459776K, used 29957K [0x00000000e0000000, 0x0000000100000000, 0x0000000100000000)
  eden space 404480K, 0% used [0x00000000e0000000,0x00000000e0000000,0x00000000f8b00000)
  from space 55296K, 54% used [0x00000000f8b00000,0x00000000fa8417e0,0x00000000fc100000)
  to   space 64512K, 0% used [0x00000000fc100000,0x00000000fc100000,0x0000000100000000)
 ParOldGen       total 134656K, used 134614K [0x00000000a0000000, 0x00000000a8380000, 0x00000000e0000000)
  object space 134656K, 99% used [0x00000000a0000000,0x00000000a83759f0,0x00000000a8380000)
 Metaspace       used 134649K, capacity 141664K, committed 141952K, reserved 1173504K
  class space    used 17278K, capacity 18778K, committed 18816K, reserved 1048576K
GC Heap History (10 events):
Event: 1144,240 GC heap after
Heap after GC invocations=21 (full 4):
 PSYoungGen      total 368128K, used 29678K [0x00000000e0000000, 0x00000000fba00000, 0x0000000100000000)
  eden space 333312K, 0% used [0x00000000e0000000,0x00000000e0000000,0x00000000f4580000)
  from space 34816K, 85% used [0x00000000f4580000,0x00000000f627ba00,0x00000000f6780000)
  to   space 38912K, 0% used [0x00000000f9400000,0x00000000f9400000,0x00000000fba00000)
 ParOldGen       total 134656K, used 71001K [0x00000000a0000000, 0x00000000a8380000, 0x00000000e0000000)
  object space 134656K, 52% used [0x00000000a0000000,0x00000000a4556540,0x00000000a8380000)
 Metaspace       used 108389K, capacity 113964K, committed 114176K, reserved 1148928K
  class space    used 14033K, capacity 15270K, committed 15360K, reserved 1048576K
}
Event: 1178,865 GC heap before
{Heap before GC invocations=22 (full 4):
 PSYoungGen      total 368128K, used 362990K [0x00000000e0000000, 0x00000000fba00000, 0x0000000100000000)
  eden space 333312K, 100% used [0x00000000e0000000,0x00000000f4580000,0x00000000f4580000)
  from space 34816K, 85% used [0x00000000f4580000,0x00000000f627ba00,0x00000000f6780000)
  to   space 38912K, 0% used [0x00000000f9400000,0x00000000f9400000,0x00000000fba00000)
 ParOldGen       total 134656K, used 71001K [0x00000000a0000000, 0x00000000a8380000, 0x00000000e0000000)
  object space 134656K, 52% used [0x00000000a0000000,0x00000000a4556540,0x00000000a8380000)
 Metaspace       used 114984K, capacity 120830K, committed 121088K, reserved 1155072K
  class space    used 14785K, capacity 16053K, committed 16128K, reserved 1048576K
Event: 1178,938 GC heap after
Heap after GC invocations=22 (full 4):
 PSYoungGen      total 407552K, used 38882K [0x00000000e0000000, 0x00000000fc180000, 0x0000000100000000)
  eden space 368640K, 0% used [0x00000000e0000000,0x00000000e0000000,0x00000000f6800000)
  from space 38912K, 99% used [0x00000000f9400000,0x00000000fb9f8a60,0x00000000fba00000)
  to   space 45056K, 0% used [0x00000000f6800000,0x00000000f6800000,0x00000000f9400000)
 ParOldGen       total 134656K, used 71605K [0x00000000a0000000, 0x00000000a8380000, 0x00000000e0000000)
  object space 134656K, 53% used [0x00000000a0000000,0x00000000a45ed4b8,0x00000000a8380000)
 Metaspace       used 114984K, capacity 120830K, committed 121088K, reserved 1155072K
  class space    used 14785K, capacity 16053K, committed 16128K, reserved 1048576K
}
Event: 1198,882 GC heap before
{Heap before GC invocations=23 (full 4):
 PSYoungGen      total 407552K, used 407522K [0x00000000e0000000, 0x00000000fc180000, 0x0000000100000000)
  eden space 368640K, 100% used [0x00000000e0000000,0x00000000f6800000,0x00000000f6800000)
  from space 38912K, 99% used [0x00000000f9400000,0x00000000fb9f8a60,0x00000000fba00000)
  to   space 45056K, 0% used [0x00000000f6800000,0x00000000f6800000,0x00000000f9400000)
 ParOldGen       total 134656K, used 71605K [0x00000000a0000000, 0x00000000a8380000, 0x00000000e0000000)
  object space 134656K, 53% used [0x00000000a0000000,0x00000000a45ed4b8,0x00000000a8380000)
 Metaspace       used 123699K, capacity 129788K, committed 129792K, reserved 1161216K
  class space    used 15829K, capacity 17151K, committed 17152K, reserved 1048576K
Event: 1198,975 GC heap after
Heap after GC invocations=23 (full 4):
 PSYoungGen      total 413696K, used 40390K [0x00000000e0000000, 0x00000000ff280000, 0x0000000100000000)
  eden space 368640K, 0% used [0x00000000e0000000,0x00000000e0000000,0x00000000f6800000)
  from space 45056K, 89% used [0x00000000f6800000,0x00000000f8f71bb8,0x00000000f9400000)
  to   space 50688K, 0% used [0x00000000fc100000,0x00000000fc100000,0x00000000ff280000)
 ParOldGen       total 134656K, used 85483K [0x00000000a0000000, 0x00000000a8380000, 0x00000000e0000000)
  object space 134656K, 63% used [0x00000000a0000000,0x00000000a537ae18,0x00000000a8380000)
 Metaspace       used 123699K, capacity 129788K, committed 129792K, reserved 1161216K
  class space    used 15829K, capacity 17151K, committed 17152K, reserved 1048576K
}
Event: 1207,783 GC heap before
{Heap before GC invocations=24 (full 4):
 PSYoungGen      total 413696K, used 409030K [0x00000000e0000000, 0x00000000ff280000, 0x0000000100000000)
  eden space 368640K, 100% used [0x00000000e0000000,0x00000000f6800000,0x00000000f6800000)
  from space 45056K, 89% used [0x00000000f6800000,0x00000000f8f71bb8,0x00000000f9400000)
  to   space 50688K, 0% used [0x00000000fc100000,0x00000000fc100000,0x00000000ff280000)
 ParOldGen       total 134656K, used 85483K [0x00000000a0000000, 0x00000000a8380000, 0x00000000e0000000)
  object space 134656K, 63% used [0x00000000a0000000,0x00000000a537ae18,0x00000000a8380000)
 Metaspace       used 128278K, capacity 134786K, committed 134912K, reserved 1167360K
  class space    used 16471K, capacity 17901K, committed 17920K, reserved 1048576K
Event: 1207,852 GC heap after
Heap after GC invocations=24 (full 4):
 PSYoungGen      total 455168K, used 40840K [0x00000000e0000000, 0x0000000100000000, 0x0000000100000000)
  eden space 404480K, 0% used [0x00000000e0000000,0x00000000e0000000,0x00000000f8b00000)
  from space 50688K, 80% used [0x00000000fc100000,0x00000000fe8e2070,0x00000000ff280000)
  to   space 55296K, 0% used [0x00000000f8b00000,0x00000000f8b00000,0x00000000fc100000)
 ParOldGen       total 134656K, used 85491K [0x00000000a0000000, 0x00000000a8380000, 0x00000000e0000000)
  object space 134656K, 63% used [0x00000000a0000000,0x00000000a537ce18,0x00000000a8380000)
 Metaspace       used 128278K, capacity 134786K, committed 134912K, reserved 1167360K
  class space    used 16471K, capacity 17901K, committed 17920K, reserved 1048576K
}
Event: 1215,513 GC heap before
{Heap before GC invocations=25 (full 4):
 PSYoungGen      total 455168K, used 444891K [0x00000000e0000000, 0x0000000100000000, 0x0000000100000000)
  eden space 404480K, 99% used [0x00000000e0000000,0x00000000f8a94cd0,0x00000000f8b00000)
  from space 50688K, 80% used [0x00000000fc100000,0x00000000fe8e2070,0x00000000ff280000)
  to   space 55296K, 0% used [0x00000000f8b00000,0x00000000f8b00000,0x00000000fc100000)
 ParOldGen       total 134656K, used 85491K [0x00000000a0000000, 0x00000000a8380000, 0x00000000e0000000)
  object space 134656K, 63% used [0x00000000a0000000,0x00000000a537ce18,0x00000000a8380000)
 Metaspace       used 134679K, capacity 141760K, committed 141952K, reserved 1173504K
  class space    used 17286K, capacity 18788K, committed 18816K, reserved 1048576K
Event: 1217,328 GC heap after
Heap after GC invocations=25 (full 4):
 PSYoungGen      total 459776K, used 55281K [0x00000000e0000000, 0x0000000100000000, 0x0000000100000000)
  eden space 404480K, 0% used [0x00000000e0000000,0x00000000e0000000,0x00000000f8b00000)
  from space 55296K, 99% used [0x00000000f8b00000,0x00000000fc0fc680,0x00000000fc100000)
  to   space 64512K, 0% used [0x00000000fc100000,0x00000000fc100000,0x0000000100000000)
 ParOldGen       total 134656K, used 132456K [0x00000000a0000000, 0x00000000a8380000, 0x00000000e0000000)
  object space 134656K, 98% used [0x00000000a0000000,0x00000000a815a038,0x00000000a8380000)
 Metaspace       used 134679K, capacity 141760K, committed 141952K, reserved 1173504K
  class space    used 17286K, capacity 18788K, committed 18816K, reserved 1048576K
}
Event: 1217,335 GC heap before
{Heap before GC invocations=26 (full 5):
 PSYoungGen      total 459776K, used 55281K [0x00000000e0000000, 0x0000000100000000, 0x0000000100000000)
  eden space 404480K, 0% used [0x00000000e0000000,0x00000000e0000000,0x00000000f8b00000)
  from space 55296K, 99% used [0x00000000f8b00000,0x00000000fc0fc680,0x00000000fc100000)
  to   space 64512K, 0% used [0x00000000fc100000,0x00000000fc100000,0x0000000100000000)
 ParOldGen       total 134656K, used 132456K [0x00000000a0000000, 0x00000000a8380000, 0x00000000e0000000)
  object space 134656K, 98% used [0x00000000a0000000,0x00000000a815a038,0x00000000a8380000)
 Metaspace       used 134679K, capacity 141760K, committed 141952K, reserved 1173504K
  class space    used 17286K, capacity 18788K, committed 18816K, reserved 1048576K

